0 verbose cli /volume1/@appstore/Node.js_v18/usr/local/bin/node /usr/local/bin/npm
1 info using npm@9.8.1
2 info using node@v18.18.2
3 timing npm:load:whichnode Completed in 2ms
4 timing config:load:defaults Completed in 3ms
5 timing config:load:file:/volume1/@appstore/Node.js_v18/usr/local/lib/node_modules/npm/npmrc Completed in 1ms
6 timing config:load:builtin Completed in 1ms
7 timing config:load:cli Completed in 4ms
8 timing config:load:env Completed in 0ms
9 timing config:load:file:/volume1/web/88oemboard/.npmrc Completed in 0ms
10 timing config:load:project Completed in 2ms
11 timing config:load:file:/var/services/homes/ann/.npmrc Completed in 0ms
12 timing config:load:user Completed in 0ms
13 timing config:load:file:/volume1/@appstore/Node.js_v18/usr/local/etc/npmrc Completed in 2ms
14 timing config:load:global Completed in 2ms
15 timing config:load:setEnvs Completed in 1ms
16 timing config:load Completed in 14ms
17 timing npm:load:configload Completed in 14ms
18 timing config:load:flatten Completed in 4ms
19 timing npm:load:mkdirpcache Completed in 0ms
20 timing npm:load:mkdirplogs Completed in 0ms
21 verbose title npm exec pm2 start npm dashboard start
22 verbose argv "exec" "pm2" "start" "npm" "--name" "dashboard" "--" "start"
23 timing npm:load:setTitle Completed in 2ms
24 timing npm:load:display Completed in 1ms
25 verbose logfile logs-max:10 dir:/volume1/web/88oemboard/.npm_cache/_logs/2025-06-13T08_38_20_175Z-
26 verbose logfile /volume1/web/88oemboard/.npm_cache/_logs/2025-06-13T08_38_20_175Z-debug-0.log
27 timing npm:load:logFile Completed in 14ms
28 timing npm:load:timers Completed in 0ms
29 timing npm:load:configScope Completed in 0ms
30 timing npm:load Completed in 58ms
31 silly logfile done cleaning log files
32 timing command:exec Completed in 603ms
33 verbose exit 1
34 timing npm Completed in 914ms
35 verbose code 1
