2025-06-13T17:39:31: PM2 log: ===============================================================================
2025-06-13T17:39:31: PM2 log: --- New PM2 Daemon started ----------------------------------------------------
2025-06-13T17:39:31: PM2 log: Time                 : Fri Jun 13 2025 17:39:31 GMT+0900 (Korean Standard Time)
2025-06-13T17:39:31: PM2 log: PM2 version          : 6.0.8
2025-06-13T17:39:31: PM2 log: Node.js version      : 18.18.2
2025-06-13T17:39:31: PM2 log: Current arch         : x64
2025-06-13T17:39:31: PM2 log: PM2 home             : /volume1/web/88oemboard/.pm2
2025-06-13T17:39:31: PM2 log: PM2 PID file         : /volume1/web/88oemboard/.pm2/pm2.pid
2025-06-13T17:39:31: PM2 log: RPC socket file      : /volume1/web/88oemboard/.pm2/rpc.sock
2025-06-13T17:39:31: PM2 log: BUS socket file      : /volume1/web/88oemboard/.pm2/pub.sock
2025-06-13T17:39:31: PM2 log: Application log path : /volume1/web/88oemboard/.pm2/logs
2025-06-13T17:39:31: PM2 log: Worker Interval      : 30000
2025-06-13T17:39:31: PM2 log: Process dump file    : /volume1/web/88oemboard/.pm2/dump.pm2
2025-06-13T17:39:31: PM2 log: Concurrent actions   : 2
2025-06-13T17:39:31: PM2 log: SIGTERM timeout      : 1600
2025-06-13T17:39:31: PM2 log: Runtime Binary       : /volume1/@appstore/Node.js_v18/usr/local/bin/node
2025-06-13T17:39:31: PM2 log: ===============================================================================
2025-06-13T17:39:31: PM2 log: App [npm:0] starting in -fork mode-
2025-06-13T17:39:31: PM2 log: App [npm:0] online
2025-06-13T17:39:31: PM2 error: Error while calling "getconf CLK_TCK" Error: Command failed: getconf CLK_TCK
/bin/sh: getconf: command not found

    at ChildProcess.exithandler (node:child_process:422:12)
    at ChildProcess.emit (node:events:517:28)
    at ChildProcess.emit (node:domain:552:15)
    at maybeClose (node:internal/child_process:1098:16)
    at Socket.<anonymous> (node:internal/child_process:450:11)
    at Socket.emit (node:events:517:28)
    at Socket.emit (node:domain:552:15)
    at Pipe.<anonymous> (node:net:350:12)
    at Pipe.callbackTrampoline (node:internal/async_hooks:130:17) {
  code: 127,
  killed: false,
  signal: null,
  cmd: 'getconf CLK_TCK'
}
2025-06-13T17:39:31: PM2 error: Error while calling "getconf PAGESIZE" Error: Command failed: getconf PAGESIZE
/bin/sh: getconf: command not found

    at ChildProcess.exithandler (node:child_process:422:12)
    at ChildProcess.emit (node:events:517:28)
    at ChildProcess.emit (node:domain:552:15)
    at maybeClose (node:internal/child_process:1098:16)
    at Socket.<anonymous> (node:internal/child_process:450:11)
    at Socket.emit (node:events:517:28)
    at Socket.emit (node:domain:552:15)
    at Pipe.<anonymous> (node:net:350:12)
    at Pipe.callbackTrampoline (node:internal/async_hooks:130:17) {
  code: 127,
  killed: false,
  signal: null,
  cmd: 'getconf PAGESIZE'
}
2025-06-13T17:39:32: PM2 log: App [npm:0] exited with code [1] via signal [SIGINT]
2025-06-13T17:39:32: PM2 log: App [npm:0] starting in -fork mode-
2025-06-13T17:39:32: PM2 log: App [npm:0] online
2025-06-13T17:39:33: PM2 log: App [npm:0] exited with code [1] via signal [SIGINT]
2025-06-13T17:39:33: PM2 log: App [npm:0] starting in -fork mode-
2025-06-13T17:39:33: PM2 log: App [npm:0] online
2025-06-13T17:39:33: PM2 log: App [npm:0] exited with code [1] via signal [SIGINT]
2025-06-13T17:39:33: PM2 log: App [npm:0] starting in -fork mode-
2025-06-13T17:39:33: PM2 log: App [npm:0] online
2025-06-13T17:39:34: PM2 log: App [npm:0] exited with code [1] via signal [SIGINT]
2025-06-13T17:39:34: PM2 log: App [npm:0] starting in -fork mode-
2025-06-13T17:39:34: PM2 log: App [npm:0] online
2025-06-13T17:39:35: PM2 log: App [npm:0] exited with code [1] via signal [SIGINT]
2025-06-13T17:39:35: PM2 log: App [npm:0] starting in -fork mode-
2025-06-13T17:39:35: PM2 log: App [npm:0] online
2025-06-13T17:39:36: PM2 log: App [npm:0] exited with code [1] via signal [SIGINT]
2025-06-13T17:39:36: PM2 log: App [npm:0] starting in -fork mode-
2025-06-13T17:39:36: PM2 log: App [npm:0] online
2025-06-13T17:39:36: PM2 log: App [npm:0] exited with code [1] via signal [SIGINT]
2025-06-13T17:39:36: PM2 log: App [npm:0] starting in -fork mode-
2025-06-13T17:39:36: PM2 log: App [npm:0] online
2025-06-13T17:39:37: PM2 log: App [npm:0] exited with code [1] via signal [SIGINT]
2025-06-13T17:39:37: PM2 log: App [npm:0] starting in -fork mode-
2025-06-13T17:39:37: PM2 log: App [npm:0] online
2025-06-13T17:39:37: PM2 log: Stopping app:npm id:0
2025-06-13T17:39:37: PM2 log: App [npm:0] exited with code [0] via signal [SIGINT]
2025-06-13T17:39:38: PM2 log: pid=10504 msg=process killed
2025-06-13T17:39:38: PM2 log: App [npm:0] starting in -fork mode-
2025-06-13T17:39:38: PM2 log: App [npm:0] online
2025-06-13T17:39:38: PM2 log: App [npm:0] exited with code [1] via signal [SIGINT]
2025-06-13T17:39:38: PM2 log: App [npm:0] starting in -fork mode-
2025-06-13T17:39:38: PM2 log: App [npm:0] online
2025-06-13T17:39:39: PM2 log: App [npm:0] exited with code [1] via signal [SIGINT]
2025-06-13T17:39:39: PM2 log: App [npm:0] starting in -fork mode-
2025-06-13T17:39:39: PM2 log: App [npm:0] online
2025-06-13T17:39:40: PM2 log: App [npm:0] exited with code [1] via signal [SIGINT]
2025-06-13T17:39:40: PM2 log: App [npm:0] starting in -fork mode-
2025-06-13T17:39:40: PM2 log: App [npm:0] online
2025-06-13T17:39:40: PM2 log: App [npm:0] exited with code [1] via signal [SIGINT]
2025-06-13T17:39:40: PM2 log: App [npm:0] starting in -fork mode-
2025-06-13T17:39:40: PM2 log: App [npm:0] online
2025-06-13T17:39:41: PM2 log: App [npm:0] exited with code [1] via signal [SIGINT]
2025-06-13T17:39:41: PM2 log: App [npm:0] starting in -fork mode-
2025-06-13T17:39:41: PM2 log: App [npm:0] online
2025-06-13T17:39:42: PM2 log: App [npm:0] exited with code [1] via signal [SIGINT]
2025-06-13T17:39:42: PM2 log: App [npm:0] starting in -fork mode-
2025-06-13T17:39:42: PM2 log: App [npm:0] online
2025-06-13T17:39:43: PM2 log: App [npm:0] exited with code [1] via signal [SIGINT]
2025-06-13T17:39:43: PM2 log: App [npm:0] starting in -fork mode-
2025-06-13T17:39:43: PM2 log: App [npm:0] online
2025-06-13T17:39:43: PM2 log: App [npm:0] exited with code [1] via signal [SIGINT]
2025-06-13T17:39:43: PM2 log: App [npm:0] starting in -fork mode-
2025-06-13T17:39:43: PM2 log: App [npm:0] online
2025-06-13T17:39:44: PM2 log: App [npm:0] exited with code [1] via signal [SIGINT]
2025-06-13T17:39:44: PM2 log: App [npm:0] starting in -fork mode-
2025-06-13T17:39:44: PM2 log: App [npm:0] online
2025-06-13T17:39:45: PM2 log: App [npm:0] exited with code [1] via signal [SIGINT]
2025-06-13T17:39:45: PM2 log: App [npm:0] starting in -fork mode-
2025-06-13T17:39:45: PM2 log: App [npm:0] online
2025-06-13T17:39:46: PM2 log: App [npm:0] exited with code [1] via signal [SIGINT]
2025-06-13T17:39:46: PM2 log: App [npm:0] starting in -fork mode-
2025-06-13T17:39:46: PM2 log: App [npm:0] online
2025-06-13T17:39:46: PM2 log: App [npm:0] exited with code [1] via signal [SIGINT]
2025-06-13T17:39:46: PM2 log: App [npm:0] starting in -fork mode-
2025-06-13T17:39:46: PM2 log: App [npm:0] online
2025-06-13T17:39:47: PM2 log: App [npm:0] exited with code [1] via signal [SIGINT]
2025-06-13T17:39:47: PM2 log: App [npm:0] starting in -fork mode-
2025-06-13T17:39:47: PM2 log: App [npm:0] online
2025-06-13T17:39:48: PM2 log: App [npm:0] exited with code [1] via signal [SIGINT]
2025-06-13T17:39:48: PM2 log: App [npm:0] starting in -fork mode-
2025-06-13T17:39:48: PM2 log: App [npm:0] online
2025-06-13T17:39:49: PM2 log: App [npm:0] exited with code [1] via signal [SIGINT]
2025-06-13T17:39:49: PM2 log: Script /usr/local/bin/npm had too many unstable restarts (16). Stopped. "errored"
2025-06-13T17:40:42: PM2 log: App [npm:0] starting in -fork mode-
2025-06-13T17:40:42: PM2 log: App [npm:0] online
2025-06-13T17:40:43: PM2 log: App [npm:0] exited with code [1] via signal [SIGINT]
2025-06-13T17:40:43: PM2 log: App [npm:0] starting in -fork mode-
2025-06-13T17:40:43: PM2 log: App [npm:0] online
2025-06-13T17:40:44: PM2 log: App [npm:0] exited with code [1] via signal [SIGINT]
2025-06-13T17:40:44: PM2 log: App [npm:0] starting in -fork mode-
2025-06-13T17:40:44: PM2 log: App [npm:0] online
2025-06-13T17:40:44: PM2 log: App [npm:0] exited with code [1] via signal [SIGINT]
2025-06-13T17:40:44: PM2 log: App [npm:0] starting in -fork mode-
2025-06-13T17:40:44: PM2 log: App [npm:0] online
2025-06-13T17:40:45: PM2 log: App [npm:0] exited with code [1] via signal [SIGINT]
2025-06-13T17:40:45: PM2 log: App [npm:0] starting in -fork mode-
2025-06-13T17:40:45: PM2 log: App [npm:0] online
2025-06-13T17:40:46: PM2 log: App [npm:0] exited with code [1] via signal [SIGINT]
2025-06-13T17:40:46: PM2 log: App [npm:0] starting in -fork mode-
2025-06-13T17:40:46: PM2 log: App [npm:0] online
2025-06-13T17:40:46: PM2 log: App [npm:0] exited with code [1] via signal [SIGINT]
2025-06-13T17:40:46: PM2 log: App [npm:0] starting in -fork mode-
2025-06-13T17:40:46: PM2 log: App [npm:0] online
2025-06-13T17:40:47: PM2 log: App [npm:0] exited with code [1] via signal [SIGINT]
2025-06-13T17:40:47: PM2 log: App [npm:0] starting in -fork mode-
2025-06-13T17:40:47: PM2 log: App [npm:0] online
2025-06-13T17:40:48: PM2 log: App [npm:0] exited with code [1] via signal [SIGINT]
2025-06-13T17:40:48: PM2 log: App [npm:0] starting in -fork mode-
2025-06-13T17:40:48: PM2 log: App [npm:0] online
2025-06-13T17:40:49: PM2 log: App [npm:0] exited with code [1] via signal [SIGINT]
2025-06-13T17:40:49: PM2 log: App [npm:0] starting in -fork mode-
2025-06-13T17:40:49: PM2 log: App [npm:0] online
2025-06-13T17:40:49: PM2 log: App [npm:0] exited with code [1] via signal [SIGINT]
2025-06-13T17:40:49: PM2 log: App [npm:0] starting in -fork mode-
2025-06-13T17:40:49: PM2 log: App [npm:0] online
2025-06-13T17:40:50: PM2 log: App [npm:0] exited with code [1] via signal [SIGINT]
2025-06-13T17:40:50: PM2 log: App [npm:0] starting in -fork mode-
2025-06-13T17:40:50: PM2 log: App [npm:0] online
2025-06-13T17:40:51: PM2 log: App [npm:0] exited with code [1] via signal [SIGINT]
2025-06-13T17:40:51: PM2 log: App [npm:0] starting in -fork mode-
2025-06-13T17:40:51: PM2 log: App [npm:0] online
2025-06-13T17:40:52: PM2 log: App [npm:0] exited with code [1] via signal [SIGINT]
2025-06-13T17:40:52: PM2 log: App [npm:0] starting in -fork mode-
2025-06-13T17:40:52: PM2 log: App [npm:0] online
2025-06-13T17:40:52: PM2 log: App [npm:0] exited with code [1] via signal [SIGINT]
2025-06-13T17:40:52: PM2 log: App [npm:0] starting in -fork mode-
2025-06-13T17:40:52: PM2 log: App [npm:0] online
2025-06-13T17:40:53: PM2 log: App [npm:0] exited with code [1] via signal [SIGINT]
2025-06-13T17:40:53: PM2 log: App [npm:0] starting in -fork mode-
2025-06-13T17:40:53: PM2 log: App [npm:0] online
2025-06-13T17:40:54: PM2 log: App [npm:0] exited with code [1] via signal [SIGINT]
2025-06-13T17:40:54: PM2 log: Script /usr/local/bin/npm had too many unstable restarts (16). Stopped. "errored"
2025-06-13T17:41:13: PM2 log: App [npm:0] starting in -fork mode-
2025-06-13T17:41:13: PM2 log: App [npm:0] online
2025-06-13T17:41:13: PM2 log: App [npm:0] exited with code [1] via signal [SIGINT]
2025-06-13T17:41:13: PM2 log: App [npm:0] starting in -fork mode-
2025-06-13T17:41:13: PM2 log: App [npm:0] online
2025-06-13T17:41:14: PM2 log: App [npm:0] exited with code [1] via signal [SIGINT]
2025-06-13T17:41:14: PM2 log: App [npm:0] starting in -fork mode-
2025-06-13T17:41:14: PM2 log: App [npm:0] online
2025-06-13T17:41:15: PM2 log: App [npm:0] exited with code [1] via signal [SIGINT]
2025-06-13T17:41:15: PM2 log: App [npm:0] starting in -fork mode-
2025-06-13T17:41:15: PM2 log: App [npm:0] online
2025-06-13T17:41:15: PM2 log: App [npm:0] exited with code [1] via signal [SIGINT]
2025-06-13T17:41:15: PM2 log: App [npm:0] starting in -fork mode-
2025-06-13T17:41:15: PM2 log: App [npm:0] online
2025-06-13T17:41:16: PM2 log: App [npm:0] exited with code [1] via signal [SIGINT]
2025-06-13T17:41:16: PM2 log: App [npm:0] starting in -fork mode-
2025-06-13T17:41:16: PM2 log: App [npm:0] online
2025-06-13T17:41:17: PM2 log: App [npm:0] exited with code [1] via signal [SIGINT]
2025-06-13T17:41:17: PM2 log: App [npm:0] starting in -fork mode-
2025-06-13T17:41:17: PM2 log: App [npm:0] online
2025-06-13T17:41:18: PM2 log: App [npm:0] exited with code [1] via signal [SIGINT]
2025-06-13T17:41:18: PM2 log: App [npm:0] starting in -fork mode-
2025-06-13T17:41:18: PM2 log: App [npm:0] online
2025-06-13T17:41:18: PM2 log: App [npm:0] exited with code [1] via signal [SIGINT]
2025-06-13T17:41:18: PM2 log: App [npm:0] starting in -fork mode-
2025-06-13T17:41:18: PM2 log: App [npm:0] online
2025-06-13T17:41:19: PM2 log: App [npm:0] exited with code [1] via signal [SIGINT]
2025-06-13T17:41:19: PM2 log: App [npm:0] starting in -fork mode-
2025-06-13T17:41:19: PM2 log: App [npm:0] online
2025-06-13T17:41:20: PM2 log: App [npm:0] exited with code [1] via signal [SIGINT]
2025-06-13T17:41:20: PM2 log: App [npm:0] starting in -fork mode-
2025-06-13T17:41:20: PM2 log: App [npm:0] online
2025-06-13T17:41:21: PM2 log: App [npm:0] exited with code [1] via signal [SIGINT]
2025-06-13T17:41:21: PM2 log: App [npm:0] starting in -fork mode-
2025-06-13T17:41:21: PM2 log: App [npm:0] online
2025-06-13T17:41:21: PM2 log: App [npm:0] exited with code [1] via signal [SIGINT]
2025-06-13T17:41:21: PM2 log: App [npm:0] starting in -fork mode-
2025-06-13T17:41:21: PM2 log: App [npm:0] online
2025-06-13T17:41:22: PM2 log: App [npm:0] exited with code [1] via signal [SIGINT]
2025-06-13T17:41:22: PM2 log: App [npm:0] starting in -fork mode-
2025-06-13T17:41:22: PM2 log: App [npm:0] online
2025-06-13T17:41:23: PM2 log: App [npm:0] exited with code [1] via signal [SIGINT]
2025-06-13T17:41:23: PM2 log: App [npm:0] starting in -fork mode-
2025-06-13T17:41:23: PM2 log: App [npm:0] online
2025-06-13T17:41:23: PM2 log: App [npm:0] exited with code [1] via signal [SIGINT]
2025-06-13T17:41:23: PM2 log: App [npm:0] starting in -fork mode-
2025-06-13T17:41:23: PM2 log: App [npm:0] online
2025-06-13T17:41:24: PM2 log: App [npm:0] exited with code [1] via signal [SIGINT]
2025-06-13T17:41:24: PM2 log: Script /usr/local/bin/npm had too many unstable restarts (16). Stopped. "errored"
2025-06-13T17:41:31: PM2 log: App [npm:0] starting in -fork mode-
2025-06-13T17:41:31: PM2 log: App [npm:0] online
2025-06-13T17:41:32: PM2 log: App [npm:0] exited with code [1] via signal [SIGINT]
2025-06-13T17:41:32: PM2 log: App [npm:0] starting in -fork mode-
2025-06-13T17:41:32: PM2 log: App [npm:0] online
2025-06-13T17:41:33: PM2 log: App [npm:0] exited with code [1] via signal [SIGINT]
2025-06-13T17:41:33: PM2 log: App [npm:0] starting in -fork mode-
2025-06-13T17:41:33: PM2 log: App [npm:0] online
2025-06-13T17:41:33: PM2 log: App [npm:0] exited with code [1] via signal [SIGINT]
2025-06-13T17:41:33: PM2 log: App [npm:0] starting in -fork mode-
2025-06-13T17:41:33: PM2 log: App [npm:0] online
2025-06-13T17:41:34: PM2 log: App [npm:0] exited with code [1] via signal [SIGINT]
2025-06-13T17:41:34: PM2 log: App [npm:0] starting in -fork mode-
2025-06-13T17:41:34: PM2 log: App [npm:0] online
2025-06-13T17:41:35: PM2 log: App [npm:0] exited with code [1] via signal [SIGINT]
2025-06-13T17:41:35: PM2 log: App [npm:0] starting in -fork mode-
2025-06-13T17:41:35: PM2 log: App [npm:0] online
2025-06-13T17:41:36: PM2 log: App [npm:0] exited with code [1] via signal [SIGINT]
2025-06-13T17:41:36: PM2 log: App [npm:0] starting in -fork mode-
2025-06-13T17:41:36: PM2 log: App [npm:0] online
2025-06-13T17:41:36: PM2 log: App [npm:0] exited with code [1] via signal [SIGINT]
2025-06-13T17:41:36: PM2 log: App [npm:0] starting in -fork mode-
2025-06-13T17:41:36: PM2 log: App [npm:0] online
2025-06-13T17:41:37: PM2 log: App [npm:0] exited with code [1] via signal [SIGINT]
2025-06-13T17:41:37: PM2 log: App [npm:0] starting in -fork mode-
2025-06-13T17:41:37: PM2 log: App [npm:0] online
2025-06-13T17:41:38: PM2 log: App [npm:0] exited with code [1] via signal [SIGINT]
2025-06-13T17:41:38: PM2 log: App [npm:0] starting in -fork mode-
2025-06-13T17:41:38: PM2 log: App [npm:0] online
2025-06-13T17:41:39: PM2 log: App [npm:0] exited with code [1] via signal [SIGINT]
2025-06-13T17:41:39: PM2 log: App [npm:0] starting in -fork mode-
2025-06-13T17:41:39: PM2 log: App [npm:0] online
2025-06-13T17:41:39: PM2 log: App [npm:0] exited with code [1] via signal [SIGINT]
2025-06-13T17:41:39: PM2 log: App [npm:0] starting in -fork mode-
2025-06-13T17:41:39: PM2 log: App [npm:0] online
2025-06-13T17:41:40: PM2 log: App [npm:0] exited with code [1] via signal [SIGINT]
2025-06-13T17:41:40: PM2 log: App [npm:0] starting in -fork mode-
2025-06-13T17:41:40: PM2 log: App [npm:0] online
2025-06-13T17:41:41: PM2 log: App [npm:0] exited with code [1] via signal [SIGINT]
2025-06-13T17:41:41: PM2 log: App [npm:0] starting in -fork mode-
2025-06-13T17:41:41: PM2 log: App [npm:0] online
2025-06-13T17:41:41: PM2 log: App [npm:0] exited with code [1] via signal [SIGINT]
2025-06-13T17:41:41: PM2 log: App [npm:0] starting in -fork mode-
2025-06-13T17:41:41: PM2 log: App [npm:0] online
2025-06-13T17:41:42: PM2 log: App [npm:0] exited with code [1] via signal [SIGINT]
2025-06-13T17:41:42: PM2 log: App [npm:0] starting in -fork mode-
2025-06-13T17:41:42: PM2 log: App [npm:0] online
2025-06-13T17:41:43: PM2 log: App [npm:0] exited with code [1] via signal [SIGINT]
2025-06-13T17:41:43: PM2 log: Script /usr/local/bin/npm had too many unstable restarts (16). Stopped. "errored"
